2023-01-13 04:01:02,179 INFO [main-EventThread] o.a.c.f.state.ConnectionStateManager State change: SUSPENDED
2023-01-13 04:01:01,885 INFO [pool-13-thread-1] o.a.n.c.r.WriteAheadFlowFileRepository Initiating checkpoint of FlowFile Repository
2023-01-13 04:01:02,251 INFO [Curator-ConnectionStateManager-0] o.a.n.c.l.e.CuratorLeaderElectionManager org.apache.nifi.controller.leader.election.CuratorLeaderElectionManager$ElectionListener@12748927 Connection State changed to SUSPENDED
2023-01-13 04:01:02,256 INFO [pool-13-thread-1] o.a.n.c.r.WriteAheadFlowFileRepository Successfully checkpointed FlowFile Repository with 10 records in 2 milliseconds
2023-01-13 04:01:02,261 INFO [Curator-ConnectionStateManager-0] o.a.n.c.l.e.CuratorLeaderElectionManager Because Connection State was changed to SUSPENDED, will relinquish leadership for role 'Primary Node'
2023-01-13 04:01:02,269 INFO [Leader Election Notification Thread-3] o.a.n.c.l.e.CuratorLeaderElectionManager org.apache.nifi.controller.leader.election.CuratorLeaderElectionManager$ElectionListener@12748927 has been interrupted; no longer leader for role 'Primary Node'
2023-01-13 04:01:02,272 INFO [Leader Election Notification Thread-3] o.a.n.c.l.e.CuratorLeaderElectionManager org.apache.nifi.controller.leader.election.CuratorLeaderElectionManager$ElectionListener@12748927 This node is no longer leader for role 'Primary Node'
2023-01-13 04:01:02,276 INFO [Leader Election Notification Thread-3] o.apache.nifi.controller.FlowController This node is no longer Primary Node
2023-01-13 04:01:03,648 INFO [main-EventThread] org.apache.zookeeper.ClientCnxnSocket jute.maxbuffer value is 4194304 Bytes
2023-01-13 04:01:03,656 INFO [main-EventThread] o.a.c.f.state.ConnectionStateManager State change: LOST
2023-01-13 04:01:03,675 INFO [main-EventThread] o.a.c.f.state.ConnectionStateManager State change: RECONNECTED
2023-01-13 04:01:03,706 INFO [Leader Election Notification Thread-2] o.a.n.c.l.e.CuratorLeaderElectionManager org.apache.nifi.controller.leader.election.CuratorLeaderElectionManager$ElectionListener@12748927 This node has been elected Leader for Role 'Primary Node'
2023-01-13 04:01:03,743 WARN [Clustering Tasks Thread-3] o.apache.nifi.controller.FlowController Failed to send heartbeat due to: org.apache.nifi.cluster.protocol.ProtocolException: Cannot send heartbeat because there is no Cluster Coordinator currently elected
2023-01-13 04:01:04,713 INFO [Curator-ConnectionStateManager-0] o.a.n.c.l.e.CuratorLeaderElectionManager org.apache.nifi.controller.leader.election.CuratorLeaderElectionManager$ElectionListener@7442e81a Connection State changed to SUSPENDED
2023-01-13 04:01:04,718 INFO [Leader Election Notification Thread-2] o.apache.nifi.controller.FlowController This node has been elected Primary Node
2023-01-13 04:01:04,729 INFO [Curator-ConnectionStateManager-0] o.a.n.c.l.e.CuratorLeaderElectionManager org.apache.nifi.controller.leader.election.CuratorLeaderElectionManager$ElectionListener@12748927 Connection State changed to LOST
2023-01-13 04:01:04,746 INFO [Curator-ConnectionStateManager-0] o.a.n.c.l.e.CuratorLeaderElectionManager Because Connection State was changed to LOST, will relinquish leadership for role 'Primary Node'
2023-01-13 04:01:04,748 INFO [Curator-ConnectionStateManager-0] o.a.n.c.l.e.CuratorLeaderElectionManager org.apache.nifi.controller.leader.election.CuratorLeaderElectionManager$ElectionListener@7442e81a Connection State changed to LOST
2023-01-13 04:01:04,730 INFO [Leader Election Notification Thread-1] o.a.n.c.l.e.CuratorLeaderElectionManager org.apache.nifi.controller.leader.election.CuratorLeaderElectionManager$ElectionListener@7442e81a has been interrupted; no longer leader for role 'Cluster Coordinator'
2023-01-13 04:01:04,757 INFO [Leader Election Notification Thread-1] o.a.n.c.l.e.CuratorLeaderElectionManager org.apache.nifi.controller.leader.election.CuratorLeaderElectionManager$ElectionListener@7442e81a This node is no longer leader for role 'Cluster Coordinator'
2023-01-13 04:01:04,748 INFO [Leader Election Notification Thread-2] o.a.n.c.l.e.CuratorLeaderElectionManager org.apache.nifi.controller.leader.election.CuratorLeaderElectionManager$ElectionListener@12748927 has been interrupted; no longer leader for role 'Primary Node'
2023-01-13 04:01:04,756 INFO [Curator-ConnectionStateManager-0] o.a.n.c.l.e.CuratorLeaderElectionManager org.apache.nifi.controller.leader.election.CuratorLeaderElectionManager$ElectionListener@12748927 Connection State changed to RECONNECTED
2023-01-13 04:01:04,760 INFO [main-EventThread] o.a.c.framework.imps.EnsembleTracker New config event received: {}
2023-01-13 04:01:04,762 INFO [Leader Election Notification Thread-1] o.apache.nifi.controller.FlowController This node is no longer the elected Active Cluster Coordinator
2023-01-13 04:01:04,775 INFO [Curator-ConnectionStateManager-0] o.a.n.c.l.e.CuratorLeaderElectionManager org.apache.nifi.controller.leader.election.CuratorLeaderElectionManager$ElectionListener@7442e81a Connection State changed to RECONNECTED
2023-01-13 04:01:04,775 INFO [Leader Election Notification Thread-2] o.a.n.c.l.e.CuratorLeaderElectionManager org.apache.nifi.controller.leader.election.CuratorLeaderElectionManager$ElectionListener@12748927 This node is no longer leader for role 'Primary Node'
2023-01-13 04:01:04,798 INFO [Leader Election Notification Thread-2] o.apache.nifi.controller.FlowController This node is no longer Primary Node
2023-01-13 04:01:04,821 INFO [Leader Election Notification Thread-1] o.a.n.c.l.e.CuratorLeaderElectionManager org.apache.nifi.controller.leader.election.CuratorLeaderElectionManager$ElectionListener@7442e81a This node has been elected Leader for Role 'Cluster Coordinator'
2023-01-13 04:01:05,053 INFO [Leader Election Notification Thread-1] o.apache.nifi.controller.FlowController This node elected Active Cluster Coordinator
2023-01-13 04:01:05,066 INFO [Leader Election Notification Thread-2] o.a.n.c.l.e.CuratorLeaderElectionManager org.apache.nifi.controller.leader.election.CuratorLeaderElectionManager$ElectionListener@12748927 This node has been elected Leader for Role 'Primary Node'
2023-01-13 04:01:05,071 INFO [Leader Election Notification Thread-2] o.apache.nifi.controller.FlowController This node has been elected Primary Node
2023-01-13 04:01:08,003 INFO [Cleanup Archive for default] o.a.n.c.repository.FileSystemRepository Successfully deleted 0 files (0 bytes) from archive
2023-01-13 04:01:09,749 INFO [Process Cluster Protocol Request-5] o.a.n.c.p.impl.SocketProtocolListener Finished processing request bfe71f17-85a0-4882-bc45-042ec3af7733 (type=HEARTBEAT, length=2239 bytes) from mynifi:8080 in 20 millis
2023-01-13 04:01:09,753 INFO [Clustering Tasks Thread-3] o.a.n.c.c.ClusterProtocolHeartbeater Heartbeat created at 2023-01-13 04:01:09,724 and sent to mynifi:8082 at 2023-01-13 04:01:09,753; send took 28 millis
2023-01-13 04:01:19,466 INFO [main-EventThread] o.a.c.f.state.ConnectionStateManager State change: SUSPENDED
2023-01-13 04:01:19,486 INFO [Curator-ConnectionStateManager-0] o.a.n.c.l.e.CuratorLeaderElectionManager org.apache.nifi.controller.leader.election.CuratorLeaderElectionManager$ElectionListener@12748927 Connection State changed to SUSPENDED
2023-01-13 04:01:19,507 INFO [Curator-ConnectionStateManager-0] o.a.n.c.l.e.CuratorLeaderElectionManager Because Connection State was changed to SUSPENDED, will relinquish leadership for role 'Primary Node'
2023-01-13 04:01:19,512 INFO [Leader Election Notification Thread-2] o.a.n.c.l.e.CuratorLeaderElectionManager org.apache.nifi.controller.leader.election.CuratorLeaderElectionManager$ElectionListener@12748927 has been interrupted; no longer leader for role 'Primary Node'
2023-01-13 04:01:19,516 INFO [Leader Election Notification Thread-2] o.a.n.c.l.e.CuratorLeaderElectionManager org.apache.nifi.controller.leader.election.CuratorLeaderElectionManager$ElectionListener@12748927 This node is no longer leader for role 'Primary Node'
2023-01-13 04:01:19,522 INFO [Leader Election Notification Thread-2] o.apache.nifi.controller.FlowController This node is no longer Primary Node
2023-01-13 04:01:21,233 INFO [main-EventThread] o.a.c.f.state.ConnectionStateManager State change: RECONNECTED
2023-01-13 04:01:21,424 INFO [Curator-ConnectionStateManager-0] o.a.n.c.l.e.CuratorLeaderElectionManager org.apache.nifi.controller.leader.election.CuratorLeaderElectionManager$ElectionListener@7442e81a Connection State changed to SUSPENDED
2023-01-13 04:01:21,426 INFO [Curator-ConnectionStateManager-0] o.a.n.c.l.e.CuratorLeaderElectionManager Because Connection State was changed to SUSPENDED, will relinquish leadership for role 'Cluster Coordinator'
2023-01-13 04:01:21,428 INFO [Curator-ConnectionStateManager-0] o.a.n.c.l.e.CuratorLeaderElectionManager org.apache.nifi.controller.leader.election.CuratorLeaderElectionManager$ElectionListener@12748927 Connection State changed to RECONNECTED
2023-01-13 04:01:21,433 INFO [Curator-ConnectionStateManager-0] o.a.n.c.l.e.CuratorLeaderElectionManager org.apache.nifi.controller.leader.election.CuratorLeaderElectionManager$ElectionListener@7442e81a Connection State changed to RECONNECTED
2023-01-13 04:01:21,430 INFO [Leader Election Notification Thread-1] o.a.n.c.l.e.CuratorLeaderElectionManager org.apache.nifi.controller.leader.election.CuratorLeaderElectionManager$ElectionListener@7442e81a has been interrupted; no longer leader for role 'Cluster Coordinator'
2023-01-13 04:01:21,430 INFO [Heartbeat Monitor Thread-1] o.a.n.c.c.h.AbstractHeartbeatMonitor Finished processing 1 heartbeats in 4 millis
2023-01-13 04:01:21,436 INFO [Leader Election Notification Thread-1] o.a.n.c.l.e.CuratorLeaderElectionManager org.apache.nifi.controller.leader.election.CuratorLeaderElectionManager$ElectionListener@7442e81a This node is no longer leader for role 'Cluster Coordinator'
2023-01-13 04:01:21,446 INFO [Leader Election Notification Thread-1] o.apache.nifi.controller.FlowController This node is no longer the elected Active Cluster Coordinator
2023-01-13 04:01:21,438 INFO [main-EventThread] o.a.c.framework.imps.EnsembleTracker New config event received: {}
2023-01-13 04:01:21,440 INFO [Leader Election Notification Thread-2] o.a.n.c.l.e.CuratorLeaderElectionManager org.apache.nifi.controller.leader.election.CuratorLeaderElectionManager$ElectionListener@12748927 This node has been elected Leader for Role 'Primary Node'
2023-01-13 04:01:21,456 INFO [Leader Election Notification Thread-2] o.apache.nifi.controller.FlowController This node has been elected Primary Node
2023-01-13 04:01:21,463 INFO [Leader Election Notification Thread-1] o.a.n.c.l.e.CuratorLeaderElectionManager org.apache.nifi.controller.leader.election.CuratorLeaderElectionManager$ElectionListener@7442e81a This node has been elected Leader for Role 'Cluster Coordinator'
2023-01-13 04:01:21,465 INFO [Leader Election Notification Thread-1] o.apache.nifi.controller.FlowController This node elected Active Cluster Coordinator
2023-01-13 04:01:21,495 INFO [Process Cluster Protocol Request-6] o.a.n.c.p.impl.SocketProtocolListener Finished processing request 7329eb44-a5e5-4888-8e5f-649012224a47 (type=HEARTBEAT, length=2239 bytes) from mynifi:8080 in 61 millis
2023-01-13 04:01:21,560 INFO [Clustering Tasks Thread-3] o.a.n.c.c.ClusterProtocolHeartbeater Heartbeat created at 2023-01-13 04:01:19,396 and sent to mynifi:8082 at 2023-01-13 04:01:21,559; send took 2133 millis
2023-01-13 04:01:22,264 INFO [pool-13-thread-1] o.a.n.c.r.WriteAheadFlowFileRepository Initiating checkpoint of FlowFile Repository
2023-01-13 04:01:22,267 INFO [pool-13-thread-1] o.a.n.c.r.WriteAheadFlowFileRepository Successfully checkpointed FlowFile Repository with 10 records in 0 milliseconds
2023-01-13 04:01:26,442 INFO [Heartbeat Monitor Thread-1] o.a.n.c.c.h.AbstractHeartbeatMonitor Finished processing 1 heartbeats in 19587 nanos
2023-01-13 04:01:26,589 INFO [Process Cluster Protocol Request-7] o.a.n.c.p.impl.SocketProtocolListener Finished processing request 4a110152-32e5-4639-a142-04b9e6ef0856 (type=HEARTBEAT, length=2239 bytes) from mynifi:8080 in 15 millis
2023-01-13 04:01:26,590 INFO [Clustering Tasks Thread-3] o.a.n.c.c.ClusterProtocolHeartbeater Heartbeat created at 2023-01-13 04:01:26,562 and sent to mynifi:8082 at 2023-01-13 04:01:26,590; send took 27 millis
